{
  "/Users/djdaniels/code/active_workspace/catalyst-ui/src/lib/utils.ts": {
    "path": "/Users/djdaniels/code/active_workspace/catalyst-ui/src/lib/utils.ts",
    "statementMap": {
      "0": {
        "start": {
          "line": 4,
          "column": 44
        },
        "end": {
          "line": null,
          "column": -1
        }
      },
      "1": {
        "start": {
          "line": 4,
          "column": 44
        },
        "end": {
          "line": 4,
          "column": null
        }
      },
      "2": {
        "start": {
          "line": 4,
          "column": 28
        },
        "end": {
          "line": 4,
          "column": 44
        }
      },
      "3": {
        "start": {
          "line": 4,
          "column": 22
        },
        "end": {
          "line": 4,
          "column": 44
        }
      },
      "4": {
        "start": {
          "line": 5,
          "column": 2
        },
        "end": {
          "line": 5,
          "column": null
        }
      }
    },
    "fnMap": {
      "0": {
        "name": "cn",
        "decl": {
          "start": {
            "line": 4,
            "column": 16
          },
          "end": {
            "line": 4,
            "column": 18
          }
        },
        "loc": {
          "start": {
            "line": 4,
            "column": 44
          },
          "end": {
            "line": 6,
            "column": null
          }
        }
      }
    },
    "branchMap": {},
    "s": {
      "0": 331,
      "1": 331,
      "2": 662,
      "3": 608,
      "4": 331
    },
    "f": {
      "0": 331
    },
    "b": {}
  },
  "/Users/djdaniels/code/active_workspace/catalyst-ui/src/components/ui/Table.tsx": {
    "path": "/Users/djdaniels/code/active_workspace/catalyst-ui/src/components/ui/Table.tsx",
    "statementMap": {
      "0": {
        "start": {
          "line": 8,
          "column": 21
        },
        "end": {
          "line": 19,
          "column": 2
        }
      },
      "1": {
        "start": {
          "line": 11,
          "column": 26
        },
        "end": {
          "line": 11,
          "column": 28
        }
      },
      "2": {
        "start": {
          "line": 11,
          "column": 26
        },
        "end": {
          "line": 18,
          "column": null
        }
      },
      "3": {
        "start": {
          "line": 20,
          "column": 0
        },
        "end": {
          "line": 20,
          "column": null
        }
      },
      "4": {
        "start": {
          "line": 22,
          "column": 27
        },
        "end": {
          "line": 27,
          "column": 2
        }
      },
      "5": {
        "start": {
          "line": 25,
          "column": 26
        },
        "end": {
          "line": 25,
          "column": 28
        }
      },
      "6": {
        "start": {
          "line": 25,
          "column": 26
        },
        "end": {
          "line": 26,
          "column": null
        }
      },
      "7": {
        "start": {
          "line": 28,
          "column": 0
        },
        "end": {
          "line": 28,
          "column": null
        }
      },
      "8": {
        "start": {
          "line": 30,
          "column": 25
        },
        "end": {
          "line": 39,
          "column": 2
        }
      },
      "9": {
        "start": {
          "line": 33,
          "column": 26
        },
        "end": {
          "line": 33,
          "column": 28
        }
      },
      "10": {
        "start": {
          "line": 33,
          "column": 26
        },
        "end": {
          "line": 38,
          "column": null
        }
      },
      "11": {
        "start": {
          "line": 40,
          "column": 0
        },
        "end": {
          "line": 40,
          "column": null
        }
      },
      "12": {
        "start": {
          "line": 42,
          "column": 27
        },
        "end": {
          "line": 54,
          "column": 2
        }
      },
      "13": {
        "start": {
          "line": 45,
          "column": 26
        },
        "end": {
          "line": 45,
          "column": 28
        }
      },
      "14": {
        "start": {
          "line": 45,
          "column": 26
        },
        "end": {
          "line": 53,
          "column": null
        }
      },
      "15": {
        "start": {
          "line": 55,
          "column": 0
        },
        "end": {
          "line": 55,
          "column": null
        }
      },
      "16": {
        "start": {
          "line": 57,
          "column": 24
        },
        "end": {
          "line": 69,
          "column": 2
        }
      },
      "17": {
        "start": {
          "line": 60,
          "column": 26
        },
        "end": {
          "line": 60,
          "column": 28
        }
      },
      "18": {
        "start": {
          "line": 60,
          "column": 26
        },
        "end": {
          "line": 68,
          "column": null
        }
      },
      "19": {
        "start": {
          "line": 70,
          "column": 0
        },
        "end": {
          "line": 70,
          "column": null
        }
      },
      "20": {
        "start": {
          "line": 72,
          "column": 25
        },
        "end": {
          "line": 84,
          "column": 2
        }
      },
      "21": {
        "start": {
          "line": 75,
          "column": 26
        },
        "end": {
          "line": 75,
          "column": 28
        }
      },
      "22": {
        "start": {
          "line": 75,
          "column": 26
        },
        "end": {
          "line": 83,
          "column": null
        }
      },
      "23": {
        "start": {
          "line": 85,
          "column": 0
        },
        "end": {
          "line": 85,
          "column": null
        }
      },
      "24": {
        "start": {
          "line": 87,
          "column": 25
        },
        "end": {
          "line": 96,
          "column": 2
        }
      },
      "25": {
        "start": {
          "line": 90,
          "column": 26
        },
        "end": {
          "line": 90,
          "column": 28
        }
      },
      "26": {
        "start": {
          "line": 90,
          "column": 26
        },
        "end": {
          "line": 95,
          "column": null
        }
      },
      "27": {
        "start": {
          "line": 97,
          "column": 0
        },
        "end": {
          "line": 97,
          "column": null
        }
      },
      "28": {
        "start": {
          "line": 99,
          "column": 28
        },
        "end": {
          "line": 108,
          "column": 2
        }
      },
      "29": {
        "start": {
          "line": 102,
          "column": 26
        },
        "end": {
          "line": 102,
          "column": 28
        }
      },
      "30": {
        "start": {
          "line": 102,
          "column": 26
        },
        "end": {
          "line": 107,
          "column": null
        }
      },
      "31": {
        "start": {
          "line": 109,
          "column": 0
        },
        "end": {
          "line": 109,
          "column": null
        }
      }
    },
    "fnMap": {
      "0": {
        "name": "(anonymous_0)",
        "decl": {
          "start": {
            "line": 11,
            "column": 2
          },
          "end": {
            "line": 11,
            "column": 3
          }
        },
        "loc": {
          "start": {
            "line": 11,
            "column": 31
          },
          "end": {
            "line": 18,
            "column": null
          }
        }
      },
      "1": {
        "name": "(anonymous_1)",
        "decl": {
          "start": {
            "line": 25,
            "column": 2
          },
          "end": {
            "line": 25,
            "column": 3
          }
        },
        "loc": {
          "start": {
            "line": 25,
            "column": 31
          },
          "end": {
            "line": 26,
            "column": null
          }
        }
      },
      "2": {
        "name": "(anonymous_2)",
        "decl": {
          "start": {
            "line": 33,
            "column": 2
          },
          "end": {
            "line": 33,
            "column": 3
          }
        },
        "loc": {
          "start": {
            "line": 33,
            "column": 31
          },
          "end": {
            "line": 38,
            "column": null
          }
        }
      },
      "3": {
        "name": "(anonymous_3)",
        "decl": {
          "start": {
            "line": 45,
            "column": 2
          },
          "end": {
            "line": 45,
            "column": 3
          }
        },
        "loc": {
          "start": {
            "line": 45,
            "column": 31
          },
          "end": {
            "line": 53,
            "column": null
          }
        }
      },
      "4": {
        "name": "(anonymous_4)",
        "decl": {
          "start": {
            "line": 60,
            "column": 2
          },
          "end": {
            "line": 60,
            "column": 3
          }
        },
        "loc": {
          "start": {
            "line": 60,
            "column": 31
          },
          "end": {
            "line": 68,
            "column": null
          }
        }
      },
      "5": {
        "name": "(anonymous_5)",
        "decl": {
          "start": {
            "line": 75,
            "column": 2
          },
          "end": {
            "line": 75,
            "column": 3
          }
        },
        "loc": {
          "start": {
            "line": 75,
            "column": 31
          },
          "end": {
            "line": 83,
            "column": null
          }
        }
      },
      "6": {
        "name": "(anonymous_6)",
        "decl": {
          "start": {
            "line": 90,
            "column": 2
          },
          "end": {
            "line": 90,
            "column": 3
          }
        },
        "loc": {
          "start": {
            "line": 90,
            "column": 31
          },
          "end": {
            "line": 95,
            "column": null
          }
        }
      },
      "7": {
        "name": "(anonymous_7)",
        "decl": {
          "start": {
            "line": 102,
            "column": 2
          },
          "end": {
            "line": 102,
            "column": 3
          }
        },
        "loc": {
          "start": {
            "line": 102,
            "column": 31
          },
          "end": {
            "line": 107,
            "column": null
          }
        }
      }
    },
    "branchMap": {},
    "s": {
      "0": 5,
      "1": 7,
      "2": 7,
      "3": 5,
      "4": 5,
      "5": 7,
      "6": 7,
      "7": 5,
      "8": 5,
      "9": 7,
      "10": 7,
      "11": 5,
      "12": 5,
      "13": 2,
      "14": 2,
      "15": 5,
      "16": 5,
      "17": 63,
      "18": 63,
      "19": 5,
      "20": 5,
      "21": 21,
      "22": 21,
      "23": 5,
      "24": 5,
      "25": 168,
      "26": 168,
      "27": 5,
      "28": 5,
      "29": 2,
      "30": 2,
      "31": 5
    },
    "f": {
      "0": 7,
      "1": 7,
      "2": 7,
      "3": 2,
      "4": 63,
      "5": 21,
      "6": 168,
      "7": 2
    },
    "b": {}
  },
  "/Users/djdaniels/code/active_workspace/catalyst-ui/src/components/DataTable.tsx": {
    "path": "/Users/djdaniels/code/active_workspace/catalyst-ui/src/components/DataTable.tsx",
    "statementMap": {
      "0": {
        "start": {
          "line": 36,
          "column": 32
        },
        "end": {
          "line": 36,
          "column": 34
        }
      },
      "1": {
        "start": {
          "line": 38,
          "column": 16
        },
        "end": {
          "line": 42,
          "column": 4
        }
      },
      "2": {
        "start": {
          "line": 44,
          "column": 2
        },
        "end": {
          "line": 88,
          "column": null
        }
      },
      "3": {
        "start": {
          "line": 49,
          "column": 12
        },
        "end": {
          "line": 62,
          "column": null
        }
      },
      "4": {
        "start": {
          "line": 51,
          "column": 16
        },
        "end": {
          "line": 59,
          "column": null
        }
      },
      "5": {
        "start": {
          "line": 68,
          "column": 14
        },
        "end": {
          "line": 77,
          "column": null
        }
      },
      "6": {
        "start": {
          "line": 73,
          "column": 18
        },
        "end": {
          "line": 75,
          "column": null
        }
      },
      "7": {
        "start": {
          "line": 31,
          "column": 24
        },
        "end": {
          "line": 31,
          "column": 49
        }
      }
    },
    "fnMap": {
      "0": {
        "name": "DataTable",
        "decl": {
          "start": {
            "line": 31,
            "column": 24
          },
          "end": {
            "line": 31,
            "column": 33
          }
        },
        "loc": {
          "start": {
            "line": 36,
            "column": 34
          },
          "end": {
            "line": 90,
            "column": null
          }
        }
      },
      "1": {
        "name": "(anonymous_1)",
        "decl": {
          "start": {
            "line": 48,
            "column": 40
          },
          "end": {
            "line": 48,
            "column": 51
          }
        },
        "loc": {
          "start": {
            "line": 49,
            "column": 12
          },
          "end": {
            "line": 62,
            "column": null
          }
        }
      },
      "2": {
        "name": "(anonymous_2)",
        "decl": {
          "start": {
            "line": 50,
            "column": 40
          },
          "end": {
            "line": 50,
            "column": 46
          }
        },
        "loc": {
          "start": {
            "line": 50,
            "column": 51
          },
          "end": {
            "line": 61,
            "column": 15
          }
        }
      },
      "3": {
        "name": "(anonymous_3)",
        "decl": {
          "start": {
            "line": 67,
            "column": 42
          },
          "end": {
            "line": 67,
            "column": 45
          }
        },
        "loc": {
          "start": {
            "line": 68,
            "column": 14
          },
          "end": {
            "line": 77,
            "column": null
          }
        }
      },
      "4": {
        "name": "(anonymous_4)",
        "decl": {
          "start": {
            "line": 72,
            "column": 44
          },
          "end": {
            "line": 72,
            "column": 48
          }
        },
        "loc": {
          "start": {
            "line": 73,
            "column": 18
          },
          "end": {
            "line": 75,
            "column": null
          }
        }
      }
    },
    "branchMap": {
      "0": {
        "loc": {
          "start": {
            "line": 53,
            "column": 21
          },
          "end": {
            "line": 58,
            "column": 25
          }
        },
        "type": "cond-expr",
        "locations": [
          {
            "start": {
              "line": 54,
              "column": 24
            },
            "end": {
              "line": 54,
              "column": 28
            }
          },
          {
            "start": {
              "line": 55,
              "column": 24
            },
            "end": {
              "line": 58,
              "column": 25
            }
          }
        ]
      },
      "1": {
        "loc": {
          "start": {
            "line": 66,
            "column": 11
          },
          "end": {
            "line": 84,
            "column": null
          }
        },
        "type": "cond-expr",
        "locations": [
          {
            "start": {
              "line": 67,
              "column": 12
            },
            "end": {
              "line": 78,
              "column": 14
            }
          },
          {
            "start": {
              "line": 80,
              "column": 12
            },
            "end": {
              "line": 84,
              "column": null
            }
          }
        ]
      },
      "2": {
        "loc": {
          "start": {
            "line": 70,
            "column": 28
          },
          "end": {
            "line": 70,
            "column": 62
          }
        },
        "type": "binary-expr",
        "locations": [
          {
            "start": {
              "line": 70,
              "column": 28
            },
            "end": {
              "line": 70,
              "column": 47
            }
          },
          {
            "start": {
              "line": 70,
              "column": 51
            },
            "end": {
              "line": 70,
              "column": 62
            }
          }
        ]
      }
    },
    "s": {
      "0": 5,
      "1": 5,
      "2": 5,
      "3": 5,
      "4": 15,
      "5": 50,
      "6": 150,
      "7": 3
    },
    "f": {
      "0": 5,
      "1": 5,
      "2": 15,
      "3": 50,
      "4": 150
    },
    "b": {
      "0": [
        0,
        15
      ],
      "1": [
        5,
        0
      ],
      "2": [
        50,
        0
      ]
    }
  },
  "/Users/djdaniels/code/active_workspace/catalyst-ui/src/components/ui/Button.tsx": {
    "path": "/Users/djdaniels/code/active_workspace/catalyst-ui/src/components/ui/Button.tsx",
    "statementMap": {
      "0": {
        "start": {
          "line": 6,
          "column": 23
        },
        "end": {
          "line": 33,
          "column": 1
        }
      },
      "1": {
        "start": {
          "line": 41,
          "column": 15
        },
        "end": {
          "line": 53,
          "column": 1
        }
      },
      "2": {
        "start": {
          "line": 42,
          "column": 58
        },
        "end": {
          "line": 42,
          "column": 60
        }
      },
      "3": {
        "start": {
          "line": 43,
          "column": 17
        },
        "end": {
          "line": 43,
          "column": 42
        }
      },
      "4": {
        "start": {
          "line": 44,
          "column": 4
        },
        "end": {
          "line": 44,
          "column": null
        }
      },
      "5": {
        "start": {
          "line": 45,
          "column": 4
        },
        "end": {
          "line": 50,
          "column": null
        }
      },
      "6": {
        "start": {
          "line": 54,
          "column": 0
        },
        "end": {
          "line": 54,
          "column": null
        }
      }
    },
    "fnMap": {
      "0": {
        "name": "(anonymous_0)",
        "decl": {
          "start": {
            "line": 42,
            "column": 2
          },
          "end": {
            "line": 42,
            "column": 3
          }
        },
        "loc": {
          "start": {
            "line": 42,
            "column": 68
          },
          "end": {
            "line": 52,
            "column": null
          }
        }
      }
    },
    "branchMap": {
      "0": {
        "loc": {
          "start": {
            "line": 42,
            "column": 31
          },
          "end": {
            "line": 42,
            "column": 46
          }
        },
        "type": "default-arg",
        "locations": [
          {
            "start": {
              "line": 42,
              "column": 41
            },
            "end": {
              "line": 42,
              "column": 46
            }
          }
        ]
      },
      "1": {
        "loc": {
          "start": {
            "line": 43,
            "column": 17
          },
          "end": {
            "line": 43,
            "column": 42
          }
        },
        "type": "cond-expr",
        "locations": [
          {
            "start": {
              "line": 43,
              "column": 27
            },
            "end": {
              "line": 43,
              "column": 31
            }
          },
          {
            "start": {
              "line": 43,
              "column": 34
            },
            "end": {
              "line": 43,
              "column": 42
            }
          }
        ]
      }
    },
    "s": {
      "0": 10,
      "1": 10,
      "2": 54,
      "3": 54,
      "4": 54,
      "5": 54,
      "6": 10
    },
    "f": {
      "0": 54
    },
    "b": {
      "0": [
        54
      ],
      "1": [
        0,
        54
      ]
    }
  }
}