{
  "/Users/panda/Code/active_workspace/workspaces/catalyst-ui/lib/utils.ts": {
    "path": "/Users/panda/Code/active_workspace/workspaces/catalyst-ui/lib/utils.ts",
    "statementMap": {
      "0": {
        "start": {
          "line": 5,
          "column": 18
        },
        "end": {
          "line": 5,
          "column": null
        }
      },
      "1": {
        "start": {
          "line": 5,
          "column": 47
        },
        "end": {
          "line": 5,
          "column": null
        }
      },
      "2": {
        "start": {
          "line": 10,
          "column": 34
        },
        "end": {
          "line": 40,
          "column": null
        }
      },
      "3": {
        "start": {
          "line": 12,
          "column": 2
        },
        "end": {
          "line": 39,
          "column": null
        }
      }
    },
    "fnMap": {
      "0": {
        "name": "(anonymous_0)",
        "decl": {
          "start": {
            "line": 5,
            "column": 18
          },
          "end": {
            "line": 5,
            "column": 22
          }
        },
        "loc": {
          "start": {
            "line": 5,
            "column": 47
          },
          "end": {
            "line": 5,
            "column": null
          }
        }
      },
      "1": {
        "name": "(anonymous_1)",
        "decl": {
          "start": {
            "line": 10,
            "column": 34
          },
          "end": {
            "line": 10,
            "column": 35
          }
        },
        "loc": {
          "start": {
            "line": 10,
            "column": 54
          },
          "end": {
            "line": 40,
            "column": null
          }
        }
      }
    },
    "branchMap": {},
    "s": {
      "0": 16,
      "1": 63,
      "2": 16,
      "3": 0
    },
    "f": {
      "0": 63,
      "1": 0
    },
    "b": {}
  },
  "/Users/panda/Code/active_workspace/workspaces/catalyst-ui/lib/ui/button.tsx": {
    "path": "/Users/panda/Code/active_workspace/workspaces/catalyst-ui/lib/ui/button.tsx",
    "statementMap": {
      "0": {
        "start": {
          "line": 1,
          "column": 0
        },
        "end": {
          "line": 1,
          "column": null
        }
      },
      "1": {
        "start": {
          "line": 6,
          "column": 0
        },
        "end": {
          "line": 33,
          "column": null
        }
      },
      "2": {
        "start": {
          "line": 41,
          "column": 0
        },
        "end": {
          "line": 52,
          "column": null
        }
      },
      "3": {
        "start": {
          "line": 43,
          "column": 0
        },
        "end": {
          "line": 43,
          "column": null
        }
      },
      "4": {
        "start": {
          "line": 44,
          "column": 0
        },
        "end": {
          "line": 48,
          "column": null
        }
      },
      "5": {
        "start": {
          "line": 52,
          "column": 0
        },
        "end": {
          "line": 41,
          "column": null
        }
      },
      "6": {
        "start": {
          "line": 53,
          "column": 0
        },
        "end": {
          "line": 53,
          "column": null
        }
      }
    },
    "fnMap": {
      "0": {
        "name": "(anonymous_0)",
        "decl": {
          "start": {
            "line": 1,
            "column": 0
          },
          "end": {
            "line": 1,
            "column": null
          }
        },
        "loc": {
          "start": {
            "line": 1,
            "column": 0
          },
          "end": {
            "line": 1,
            "column": null
          }
        }
      },
      "1": {
        "name": "(anonymous_1)",
        "decl": {
          "start": {
            "line": 42,
            "column": 0
          },
          "end": {
            "line": 42,
            "column": null
          }
        },
        "loc": {
          "start": {
            "line": 42,
            "column": 0
          },
          "end": {
            "line": 51,
            "column": null
          }
        }
      }
    },
    "branchMap": {
      "0": {
        "loc": {
          "start": {
            "line": 1,
            "column": 0
          },
          "end": {
            "line": 1,
            "column": null
          }
        },
        "type": "binary-expr",
        "locations": [
          {
            "start": {
              "line": 1,
              "column": 0
            },
            "end": {
              "line": 1,
              "column": null
            }
          },
          {
            "start": {
              "line": 1,
              "column": 0
            },
            "end": {
              "line": 1,
              "column": null
            }
          }
        ]
      },
      "1": {
        "loc": {
          "start": {
            "line": 1,
            "column": 0
          },
          "end": {
            "line": 1,
            "column": null
          }
        },
        "type": "if",
        "locations": [
          {
            "start": {
              "line": 1,
              "column": 0
            },
            "end": {
              "line": 1,
              "column": null
            }
          }
        ]
      },
      "2": {
        "loc": {
          "start": {
            "line": 42,
            "column": 0
          },
          "end": {
            "line": 42,
            "column": null
          }
        },
        "type": "default-arg",
        "locations": [
          {
            "start": {
              "line": 42,
              "column": 0
            },
            "end": {
              "line": 42,
              "column": null
            }
          }
        ]
      },
      "3": {
        "loc": {
          "start": {
            "line": 43,
            "column": 0
          },
          "end": {
            "line": 43,
            "column": null
          }
        },
        "type": "cond-expr",
        "locations": [
          {
            "start": {
              "line": 43,
              "column": 0
            },
            "end": {
              "line": 43,
              "column": null
            }
          },
          {
            "start": {
              "line": 43,
              "column": 0
            },
            "end": {
              "line": 43,
              "column": null
            }
          }
        ]
      }
    },
    "s": {
      "0": 144,
      "1": 16,
      "2": 16,
      "3": 57,
      "4": 57,
      "5": 16,
      "6": 16
    },
    "f": {
      "0": 32,
      "1": 57
    },
    "b": {
      "0": [32, 16],
      "1": [16],
      "2": [57],
      "3": [0, 57]
    }
  },
  "/Users/panda/Code/active_workspace/workspaces/catalyst-ui/lib/ui/accordion.tsx": {
    "path": "/Users/panda/Code/active_workspace/workspaces/catalyst-ui/lib/ui/accordion.tsx",
    "statementMap": {
      "0": {
        "start": {
          "line": 1,
          "column": 0
        },
        "end": {
          "line": 1,
          "column": null
        }
      },
      "1": {
        "start": {
          "line": 6,
          "column": 0
        },
        "end": {
          "line": 6,
          "column": null
        }
      },
      "2": {
        "start": {
          "line": 8,
          "column": 0
        },
        "end": {
          "line": 17,
          "column": null
        }
      },
      "3": {
        "start": {
          "line": 12,
          "column": 0
        },
        "end": {
          "line": 15,
          "column": null
        }
      },
      "4": {
        "start": {
          "line": 17,
          "column": 0
        },
        "end": {
          "line": 8,
          "column": null
        }
      },
      "5": {
        "start": {
          "line": 18,
          "column": 0
        },
        "end": {
          "line": 18,
          "column": null
        }
      },
      "6": {
        "start": {
          "line": 20,
          "column": 0
        },
        "end": {
          "line": 37,
          "column": null
        }
      },
      "7": {
        "start": {
          "line": 24,
          "column": 0
        },
        "end": {
          "line": 36,
          "column": null
        }
      },
      "8": {
        "start": {
          "line": 37,
          "column": 0
        },
        "end": {
          "line": 20,
          "column": null
        }
      },
      "9": {
        "start": {
          "line": 38,
          "column": 0
        },
        "end": {
          "line": 38,
          "column": null
        }
      },
      "10": {
        "start": {
          "line": 40,
          "column": 0
        },
        "end": {
          "line": 51,
          "column": null
        }
      },
      "11": {
        "start": {
          "line": 44,
          "column": 0
        },
        "end": {
          "line": 50,
          "column": null
        }
      },
      "12": {
        "start": {
          "line": 51,
          "column": 0
        },
        "end": {
          "line": 40,
          "column": null
        }
      },
      "13": {
        "start": {
          "line": 53,
          "column": 0
        },
        "end": {
          "line": 53,
          "column": null
        }
      }
    },
    "fnMap": {
      "0": {
        "name": "(anonymous_0)",
        "decl": {
          "start": {
            "line": 1,
            "column": 0
          },
          "end": {
            "line": 1,
            "column": null
          }
        },
        "loc": {
          "start": {
            "line": 1,
            "column": 0
          },
          "end": {
            "line": 1,
            "column": null
          }
        }
      },
      "1": {
        "name": "(anonymous_1)",
        "decl": {
          "start": {
            "line": 11,
            "column": 0
          },
          "end": {
            "line": 11,
            "column": null
          }
        },
        "loc": {
          "start": {
            "line": 12,
            "column": 0
          },
          "end": {
            "line": 15,
            "column": null
          }
        }
      },
      "2": {
        "name": "(anonymous_2)",
        "decl": {
          "start": {
            "line": 23,
            "column": 0
          },
          "end": {
            "line": 23,
            "column": null
          }
        },
        "loc": {
          "start": {
            "line": 24,
            "column": 0
          },
          "end": {
            "line": 36,
            "column": null
          }
        }
      },
      "3": {
        "name": "(anonymous_3)",
        "decl": {
          "start": {
            "line": 43,
            "column": 0
          },
          "end": {
            "line": 43,
            "column": null
          }
        },
        "loc": {
          "start": {
            "line": 44,
            "column": 0
          },
          "end": {
            "line": 50,
            "column": null
          }
        }
      }
    },
    "branchMap": {
      "0": {
        "loc": {
          "start": {
            "line": 1,
            "column": 0
          },
          "end": {
            "line": 1,
            "column": null
          }
        },
        "type": "binary-expr",
        "locations": [
          {
            "start": {
              "line": 1,
              "column": 0
            },
            "end": {
              "line": 1,
              "column": null
            }
          },
          {
            "start": {
              "line": 1,
              "column": 0
            },
            "end": {
              "line": 1,
              "column": null
            }
          }
        ]
      },
      "1": {
        "loc": {
          "start": {
            "line": 1,
            "column": 0
          },
          "end": {
            "line": 1,
            "column": null
          }
        },
        "type": "if",
        "locations": [
          {
            "start": {
              "line": 1,
              "column": 0
            },
            "end": {
              "line": 1,
              "column": null
            }
          }
        ]
      }
    },
    "s": {
      "0": 78,
      "1": 6,
      "2": 6,
      "3": 0,
      "4": 6,
      "5": 6,
      "6": 6,
      "7": 0,
      "8": 6,
      "9": 6,
      "10": 6,
      "11": 0,
      "12": 6,
      "13": 6
    },
    "f": {
      "0": 36,
      "1": 0,
      "2": 0,
      "3": 0
    },
    "b": {
      "0": [12, 6],
      "1": [6]
    }
  },
  "/Users/panda/Code/active_workspace/workspaces/catalyst-ui/lib/ui/card.tsx": {
    "path": "/Users/panda/Code/active_workspace/workspaces/catalyst-ui/lib/ui/card.tsx",
    "statementMap": {
      "0": {
        "start": {
          "line": 1,
          "column": 0
        },
        "end": {
          "line": 1,
          "column": null
        }
      },
      "1": {
        "start": {
          "line": 4,
          "column": 0
        },
        "end": {
          "line": 16,
          "column": null
        }
      },
      "2": {
        "start": {
          "line": 8,
          "column": 0
        },
        "end": {
          "line": 14,
          "column": null
        }
      },
      "3": {
        "start": {
          "line": 16,
          "column": 0
        },
        "end": {
          "line": 4,
          "column": null
        }
      },
      "4": {
        "start": {
          "line": 17,
          "column": 0
        },
        "end": {
          "line": 17,
          "column": null
        }
      },
      "5": {
        "start": {
          "line": 19,
          "column": 0
        },
        "end": {
          "line": 28,
          "column": null
        }
      },
      "6": {
        "start": {
          "line": 23,
          "column": 0
        },
        "end": {
          "line": 26,
          "column": null
        }
      },
      "7": {
        "start": {
          "line": 28,
          "column": 0
        },
        "end": {
          "line": 19,
          "column": null
        }
      },
      "8": {
        "start": {
          "line": 29,
          "column": 0
        },
        "end": {
          "line": 29,
          "column": null
        }
      },
      "9": {
        "start": {
          "line": 31,
          "column": 0
        },
        "end": {
          "line": 43,
          "column": null
        }
      },
      "10": {
        "start": {
          "line": 35,
          "column": 0
        },
        "end": {
          "line": 41,
          "column": null
        }
      },
      "11": {
        "start": {
          "line": 43,
          "column": 0
        },
        "end": {
          "line": 31,
          "column": null
        }
      },
      "12": {
        "start": {
          "line": 44,
          "column": 0
        },
        "end": {
          "line": 44,
          "column": null
        }
      },
      "13": {
        "start": {
          "line": 46,
          "column": 0
        },
        "end": {
          "line": 55,
          "column": null
        }
      },
      "14": {
        "start": {
          "line": 50,
          "column": 0
        },
        "end": {
          "line": 53,
          "column": null
        }
      },
      "15": {
        "start": {
          "line": 55,
          "column": 0
        },
        "end": {
          "line": 46,
          "column": null
        }
      },
      "16": {
        "start": {
          "line": 56,
          "column": 0
        },
        "end": {
          "line": 56,
          "column": null
        }
      },
      "17": {
        "start": {
          "line": 58,
          "column": 0
        },
        "end": {
          "line": 63,
          "column": null
        }
      },
      "18": {
        "start": {
          "line": 62,
          "column": 0
        },
        "end": {
          "line": 62,
          "column": null
        }
      },
      "19": {
        "start": {
          "line": 63,
          "column": 0
        },
        "end": {
          "line": 58,
          "column": null
        }
      },
      "20": {
        "start": {
          "line": 64,
          "column": 0
        },
        "end": {
          "line": 64,
          "column": null
        }
      },
      "21": {
        "start": {
          "line": 66,
          "column": 0
        },
        "end": {
          "line": 75,
          "column": null
        }
      },
      "22": {
        "start": {
          "line": 70,
          "column": 0
        },
        "end": {
          "line": 73,
          "column": null
        }
      },
      "23": {
        "start": {
          "line": 75,
          "column": 0
        },
        "end": {
          "line": 66,
          "column": null
        }
      },
      "24": {
        "start": {
          "line": 76,
          "column": 0
        },
        "end": {
          "line": 76,
          "column": null
        }
      }
    },
    "fnMap": {
      "0": {
        "name": "(anonymous_0)",
        "decl": {
          "start": {
            "line": 1,
            "column": 0
          },
          "end": {
            "line": 1,
            "column": null
          }
        },
        "loc": {
          "start": {
            "line": 1,
            "column": 0
          },
          "end": {
            "line": 1,
            "column": null
          }
        }
      },
      "1": {
        "name": "(anonymous_1)",
        "decl": {
          "start": {
            "line": 7,
            "column": 0
          },
          "end": {
            "line": 7,
            "column": null
          }
        },
        "loc": {
          "start": {
            "line": 8,
            "column": 0
          },
          "end": {
            "line": 14,
            "column": null
          }
        }
      },
      "2": {
        "name": "(anonymous_2)",
        "decl": {
          "start": {
            "line": 22,
            "column": 0
          },
          "end": {
            "line": 22,
            "column": null
          }
        },
        "loc": {
          "start": {
            "line": 23,
            "column": 0
          },
          "end": {
            "line": 26,
            "column": null
          }
        }
      },
      "3": {
        "name": "(anonymous_3)",
        "decl": {
          "start": {
            "line": 34,
            "column": 0
          },
          "end": {
            "line": 34,
            "column": null
          }
        },
        "loc": {
          "start": {
            "line": 35,
            "column": 0
          },
          "end": {
            "line": 41,
            "column": null
          }
        }
      },
      "4": {
        "name": "(anonymous_4)",
        "decl": {
          "start": {
            "line": 49,
            "column": 0
          },
          "end": {
            "line": 49,
            "column": null
          }
        },
        "loc": {
          "start": {
            "line": 50,
            "column": 0
          },
          "end": {
            "line": 53,
            "column": null
          }
        }
      },
      "5": {
        "name": "(anonymous_5)",
        "decl": {
          "start": {
            "line": 61,
            "column": 0
          },
          "end": {
            "line": 61,
            "column": null
          }
        },
        "loc": {
          "start": {
            "line": 62,
            "column": 0
          },
          "end": {
            "line": 62,
            "column": null
          }
        }
      },
      "6": {
        "name": "(anonymous_6)",
        "decl": {
          "start": {
            "line": 69,
            "column": 0
          },
          "end": {
            "line": 69,
            "column": null
          }
        },
        "loc": {
          "start": {
            "line": 70,
            "column": 0
          },
          "end": {
            "line": 73,
            "column": null
          }
        }
      }
    },
    "branchMap": {
      "0": {
        "loc": {
          "start": {
            "line": 1,
            "column": 0
          },
          "end": {
            "line": 1,
            "column": null
          }
        },
        "type": "binary-expr",
        "locations": [
          {
            "start": {
              "line": 1,
              "column": 0
            },
            "end": {
              "line": 1,
              "column": null
            }
          },
          {
            "start": {
              "line": 1,
              "column": 0
            },
            "end": {
              "line": 1,
              "column": null
            }
          }
        ]
      },
      "1": {
        "loc": {
          "start": {
            "line": 1,
            "column": 0
          },
          "end": {
            "line": 1,
            "column": null
          }
        },
        "type": "if",
        "locations": [
          {
            "start": {
              "line": 1,
              "column": 0
            },
            "end": {
              "line": 1,
              "column": null
            }
          }
        ]
      }
    },
    "s": {
      "0": 114,
      "1": 6,
      "2": 0,
      "3": 6,
      "4": 6,
      "5": 6,
      "6": 0,
      "7": 6,
      "8": 6,
      "9": 6,
      "10": 0,
      "11": 6,
      "12": 6,
      "13": 6,
      "14": 0,
      "15": 6,
      "16": 6,
      "17": 6,
      "18": 0,
      "19": 6,
      "20": 6,
      "21": 6,
      "22": 0,
      "23": 6,
      "24": 6
    },
    "f": {
      "0": 72,
      "1": 0,
      "2": 0,
      "3": 0,
      "4": 0,
      "5": 0,
      "6": 0
    },
    "b": {
      "0": [12, 6],
      "1": [6]
    }
  },
  "/Users/panda/Code/active_workspace/workspaces/catalyst-ui/lib/ui/dialog.tsx": {
    "path": "/Users/panda/Code/active_workspace/workspaces/catalyst-ui/lib/ui/dialog.tsx",
    "statementMap": {
      "0": {
        "start": {
          "line": 1,
          "column": 0
        },
        "end": {
          "line": 1,
          "column": null
        }
      },
      "1": {
        "start": {
          "line": 14,
          "column": 0
        },
        "end": {
          "line": 14,
          "column": null
        }
      },
      "2": {
        "start": {
          "line": 16,
          "column": 0
        },
        "end": {
          "line": 39,
          "column": null
        }
      },
      "3": {
        "start": {
          "line": 18,
          "column": 0
        },
        "end": {
          "line": 18,
          "column": null
        }
      },
      "4": {
        "start": {
          "line": 19,
          "column": 0
        },
        "end": {
          "line": 19,
          "column": null
        }
      },
      "5": {
        "start": {
          "line": 20,
          "column": 0
        },
        "end": {
          "line": 20,
          "column": null
        }
      },
      "6": {
        "start": {
          "line": 22,
          "column": 0
        },
        "end": {
          "line": 25,
          "column": null
        }
      },
      "7": {
        "start": {
          "line": 23,
          "column": 0
        },
        "end": {
          "line": 23,
          "column": null
        }
      },
      "8": {
        "start": {
          "line": 24,
          "column": 0
        },
        "end": {
          "line": 24,
          "column": null
        }
      },
      "9": {
        "start": {
          "line": 27,
          "column": 0
        },
        "end": {
          "line": 29,
          "column": null
        }
      },
      "10": {
        "start": {
          "line": 28,
          "column": 0
        },
        "end": {
          "line": 28,
          "column": null
        }
      },
      "11": {
        "start": {
          "line": 31,
          "column": 0
        },
        "end": {
          "line": 37,
          "column": null
        }
      },
      "12": {
        "start": {
          "line": 39,
          "column": 0
        },
        "end": {
          "line": 16,
          "column": null
        }
      },
      "13": {
        "start": {
          "line": 16,
          "column": 0
        },
        "end": {
          "line": 16,
          "column": null
        }
      },
      "14": {
        "start": {
          "line": 41,
          "column": 0
        },
        "end": {
          "line": 48,
          "column": null
        }
      },
      "15": {
        "start": {
          "line": 41,
          "column": 0
        },
        "end": {
          "line": 41,
          "column": null
        }
      },
      "16": {
        "start": {
          "line": 42,
          "column": 0
        },
        "end": {
          "line": 42,
          "column": null
        }
      },
      "17": {
        "start": {
          "line": 43,
          "column": 0
        },
        "end": {
          "line": 45,
          "column": null
        }
      },
      "18": {
        "start": {
          "line": 44,
          "column": 0
        },
        "end": {
          "line": 44,
          "column": null
        }
      },
      "19": {
        "start": {
          "line": 47,
          "column": 0
        },
        "end": {
          "line": 47,
          "column": null
        }
      },
      "20": {
        "start": {
          "line": 48,
          "column": 0
        },
        "end": {
          "line": 41,
          "column": null
        }
      },
      "21": {
        "start": {
          "line": 50,
          "column": 0
        },
        "end": {
          "line": 50,
          "column": null
        }
      },
      "22": {
        "start": {
          "line": 52,
          "column": 0
        },
        "end": {
          "line": 52,
          "column": null
        }
      },
      "23": {
        "start": {
          "line": 54,
          "column": 0
        },
        "end": {
          "line": 63,
          "column": null
        }
      },
      "24": {
        "start": {
          "line": 58,
          "column": 0
        },
        "end": {
          "line": 61,
          "column": null
        }
      },
      "25": {
        "start": {
          "line": 63,
          "column": 0
        },
        "end": {
          "line": 54,
          "column": null
        }
      },
      "26": {
        "start": {
          "line": 64,
          "column": 0
        },
        "end": {
          "line": 64,
          "column": null
        }
      },
      "27": {
        "start": {
          "line": 66,
          "column": 0
        },
        "end": {
          "line": 70,
          "column": null
        }
      },
      "28": {
        "start": {
          "line": 69,
          "column": 0
        },
        "end": {
          "line": 69,
          "column": null
        }
      },
      "29": {
        "start": {
          "line": 70,
          "column": 0
        },
        "end": {
          "line": 70,
          "column": null
        }
      },
      "30": {
        "start": {
          "line": 71,
          "column": 0
        },
        "end": {
          "line": 91,
          "column": null
        }
      },
      "31": {
        "start": {
          "line": 93,
          "column": 0
        },
        "end": {
          "line": 70,
          "column": null
        }
      },
      "32": {
        "start": {
          "line": 93,
          "column": 0
        },
        "end": {
          "line": 66,
          "column": null
        }
      },
      "33": {
        "start": {
          "line": 94,
          "column": 0
        },
        "end": {
          "line": 94,
          "column": null
        }
      },
      "34": {
        "start": {
          "line": 96,
          "column": 0
        },
        "end": {
          "line": 105,
          "column": null
        }
      },
      "35": {
        "start": {
          "line": 100,
          "column": 0
        },
        "end": {
          "line": 105,
          "column": null
        }
      },
      "36": {
        "start": {
          "line": 107,
          "column": 0
        },
        "end": {
          "line": 96,
          "column": null
        }
      },
      "37": {
        "start": {
          "line": 108,
          "column": 0
        },
        "end": {
          "line": 108,
          "column": null
        }
      },
      "38": {
        "start": {
          "line": 110,
          "column": 0
        },
        "end": {
          "line": 119,
          "column": null
        }
      },
      "39": {
        "start": {
          "line": 114,
          "column": 0
        },
        "end": {
          "line": 119,
          "column": null
        }
      },
      "40": {
        "start": {
          "line": 121,
          "column": 0
        },
        "end": {
          "line": 110,
          "column": null
        }
      },
      "41": {
        "start": {
          "line": 122,
          "column": 0
        },
        "end": {
          "line": 122,
          "column": null
        }
      },
      "42": {
        "start": {
          "line": 124,
          "column": 0
        },
        "end": {
          "line": 136,
          "column": null
        }
      },
      "43": {
        "start": {
          "line": 128,
          "column": 0
        },
        "end": {
          "line": 134,
          "column": null
        }
      },
      "44": {
        "start": {
          "line": 136,
          "column": 0
        },
        "end": {
          "line": 124,
          "column": null
        }
      },
      "45": {
        "start": {
          "line": 137,
          "column": 0
        },
        "end": {
          "line": 137,
          "column": null
        }
      },
      "46": {
        "start": {
          "line": 139,
          "column": 0
        },
        "end": {
          "line": 148,
          "column": null
        }
      },
      "47": {
        "start": {
          "line": 143,
          "column": 0
        },
        "end": {
          "line": 146,
          "column": null
        }
      },
      "48": {
        "start": {
          "line": 148,
          "column": 0
        },
        "end": {
          "line": 139,
          "column": null
        }
      },
      "49": {
        "start": {
          "line": 149,
          "column": 0
        },
        "end": {
          "line": 149,
          "column": null
        }
      }
    },
    "fnMap": {
      "0": {
        "name": "(anonymous_0)",
        "decl": {
          "start": {
            "line": 1,
            "column": 0
          },
          "end": {
            "line": 1,
            "column": null
          }
        },
        "loc": {
          "start": {
            "line": 1,
            "column": 0
          },
          "end": {
            "line": 1,
            "column": null
          }
        }
      },
      "1": {
        "name": "(anonymous_1)",
        "decl": {
          "start": {
            "line": 16,
            "column": 0
          },
          "end": {
            "line": 16,
            "column": null
          }
        },
        "loc": {
          "start": {
            "line": 18,
            "column": 0
          },
          "end": {
            "line": 39,
            "column": null
          }
        }
      },
      "2": {
        "name": "(anonymous_2)",
        "decl": {
          "start": {
            "line": 22,
            "column": 0
          },
          "end": {
            "line": 22,
            "column": null
          }
        },
        "loc": {
          "start": {
            "line": 22,
            "column": 0
          },
          "end": {
            "line": 25,
            "column": null
          }
        }
      },
      "3": {
        "name": "(anonymous_3)",
        "decl": {
          "start": {
            "line": 27,
            "column": 0
          },
          "end": {
            "line": 27,
            "column": null
          }
        },
        "loc": {
          "start": {
            "line": 27,
            "column": 0
          },
          "end": {
            "line": 29,
            "column": null
          }
        }
      },
      "4": {
        "name": "(anonymous_4)",
        "decl": {
          "start": {
            "line": 41,
            "column": 0
          },
          "end": {
            "line": 41,
            "column": null
          }
        },
        "loc": {
          "start": {
            "line": 41,
            "column": 0
          },
          "end": {
            "line": 48,
            "column": null
          }
        }
      },
      "5": {
        "name": "(anonymous_5)",
        "decl": {
          "start": {
            "line": 57,
            "column": 0
          },
          "end": {
            "line": 57,
            "column": null
          }
        },
        "loc": {
          "start": {
            "line": 58,
            "column": 0
          },
          "end": {
            "line": 61,
            "column": null
          }
        }
      },
      "6": {
        "name": "(anonymous_6)",
        "decl": {
          "start": {
            "line": 69,
            "column": 0
          },
          "end": {
            "line": 69,
            "column": null
          }
        },
        "loc": {
          "start": {
            "line": 69,
            "column": 0
          },
          "end": {
            "line": 93,
            "column": null
          }
        }
      },
      "7": {
        "name": "(anonymous_7)",
        "decl": {
          "start": {
            "line": 93,
            "column": 0
          },
          "end": {
            "line": 93,
            "column": null
          }
        },
        "loc": {
          "start": {
            "line": 93,
            "column": 0
          },
          "end": {
            "line": 70,
            "column": null
          }
        }
      },
      "8": {
        "name": "(anonymous_9)",
        "decl": {
          "start": {
            "line": 96,
            "column": 0
          },
          "end": {
            "line": 96,
            "column": null
          }
        },
        "loc": {
          "start": {
            "line": 100,
            "column": 0
          },
          "end": {
            "line": 105,
            "column": null
          }
        }
      },
      "9": {
        "name": "(anonymous_10)",
        "decl": {
          "start": {
            "line": 110,
            "column": 0
          },
          "end": {
            "line": 110,
            "column": null
          }
        },
        "loc": {
          "start": {
            "line": 114,
            "column": 0
          },
          "end": {
            "line": 119,
            "column": null
          }
        }
      },
      "10": {
        "name": "(anonymous_11)",
        "decl": {
          "start": {
            "line": 127,
            "column": 0
          },
          "end": {
            "line": 127,
            "column": null
          }
        },
        "loc": {
          "start": {
            "line": 128,
            "column": 0
          },
          "end": {
            "line": 134,
            "column": null
          }
        }
      },
      "11": {
        "name": "(anonymous_12)",
        "decl": {
          "start": {
            "line": 142,
            "column": 0
          },
          "end": {
            "line": 142,
            "column": null
          }
        },
        "loc": {
          "start": {
            "line": 143,
            "column": 0
          },
          "end": {
            "line": 146,
            "column": null
          }
        }
      }
    },
    "branchMap": {
      "0": {
        "loc": {
          "start": {
            "line": 1,
            "column": 0
          },
          "end": {
            "line": 1,
            "column": null
          }
        },
        "type": "binary-expr",
        "locations": [
          {
            "start": {
              "line": 1,
              "column": 0
            },
            "end": {
              "line": 1,
              "column": null
            }
          },
          {
            "start": {
              "line": 1,
              "column": 0
            },
            "end": {
              "line": 1,
              "column": null
            }
          }
        ]
      },
      "1": {
        "loc": {
          "start": {
            "line": 1,
            "column": 0
          },
          "end": {
            "line": 1,
            "column": null
          }
        },
        "type": "if",
        "locations": [
          {
            "start": {
              "line": 1,
              "column": 0
            },
            "end": {
              "line": 1,
              "column": null
            }
          }
        ]
      },
      "2": {
        "loc": {
          "start": {
            "line": 43,
            "column": 0
          },
          "end": {
            "line": 45,
            "column": null
          }
        },
        "type": "if",
        "locations": [
          {
            "start": {
              "line": 43,
              "column": 0
            },
            "end": {
              "line": 45,
              "column": null
            }
          }
        ]
      }
    },
    "s": {
      "0": 126,
      "1": 6,
      "2": 6,
      "3": 0,
      "4": 0,
      "5": 0,
      "6": 0,
      "7": 0,
      "8": 0,
      "9": 0,
      "10": 0,
      "11": 0,
      "12": 6,
      "13": 6,
      "14": 6,
      "15": 0,
      "16": 0,
      "17": 0,
      "18": 0,
      "19": 0,
      "20": 6,
      "21": 6,
      "22": 6,
      "23": 6,
      "24": 0,
      "25": 6,
      "26": 6,
      "27": 6,
      "28": 0,
      "29": 0,
      "30": 0,
      "31": 0,
      "32": 6,
      "33": 6,
      "34": 6,
      "35": 0,
      "36": 6,
      "37": 6,
      "38": 6,
      "39": 0,
      "40": 6,
      "41": 6,
      "42": 6,
      "43": 0,
      "44": 6,
      "45": 6,
      "46": 6,
      "47": 0,
      "48": 6,
      "49": 6
    },
    "f": {
      "0": 66,
      "1": 0,
      "2": 0,
      "3": 0,
      "4": 0,
      "5": 0,
      "6": 0,
      "7": 0,
      "8": 0,
      "9": 0,
      "10": 0,
      "11": 0
    },
    "b": {
      "0": [12, 6],
      "1": [6],
      "2": [0]
    }
  },
  "/Users/panda/Code/active_workspace/workspaces/catalyst-ui/lib/ui/hover-card.tsx": {
    "path": "/Users/panda/Code/active_workspace/workspaces/catalyst-ui/lib/ui/hover-card.tsx",
    "statementMap": {
      "0": {
        "start": {
          "line": 1,
          "column": 0
        },
        "end": {
          "line": 1,
          "column": null
        }
      },
      "1": {
        "start": {
          "line": 6,
          "column": 0
        },
        "end": {
          "line": 6,
          "column": null
        }
      },
      "2": {
        "start": {
          "line": 8,
          "column": 0
        },
        "end": {
          "line": 8,
          "column": null
        }
      },
      "3": {
        "start": {
          "line": 10,
          "column": 0
        },
        "end": {
          "line": 24,
          "column": null
        }
      },
      "4": {
        "start": {
          "line": 14,
          "column": 0
        },
        "end": {
          "line": 22,
          "column": null
        }
      },
      "5": {
        "start": {
          "line": 24,
          "column": 0
        },
        "end": {
          "line": 10,
          "column": null
        }
      },
      "6": {
        "start": {
          "line": 25,
          "column": 0
        },
        "end": {
          "line": 25,
          "column": null
        }
      }
    },
    "fnMap": {
      "0": {
        "name": "(anonymous_0)",
        "decl": {
          "start": {
            "line": 1,
            "column": 0
          },
          "end": {
            "line": 1,
            "column": null
          }
        },
        "loc": {
          "start": {
            "line": 1,
            "column": 0
          },
          "end": {
            "line": 1,
            "column": null
          }
        }
      },
      "1": {
        "name": "(anonymous_1)",
        "decl": {
          "start": {
            "line": 13,
            "column": 0
          },
          "end": {
            "line": 13,
            "column": null
          }
        },
        "loc": {
          "start": {
            "line": 14,
            "column": 0
          },
          "end": {
            "line": 22,
            "column": null
          }
        }
      }
    },
    "branchMap": {
      "0": {
        "loc": {
          "start": {
            "line": 1,
            "column": 0
          },
          "end": {
            "line": 1,
            "column": null
          }
        },
        "type": "binary-expr",
        "locations": [
          {
            "start": {
              "line": 1,
              "column": 0
            },
            "end": {
              "line": 1,
              "column": null
            }
          },
          {
            "start": {
              "line": 1,
              "column": 0
            },
            "end": {
              "line": 1,
              "column": null
            }
          }
        ]
      },
      "1": {
        "loc": {
          "start": {
            "line": 1,
            "column": 0
          },
          "end": {
            "line": 1,
            "column": null
          }
        },
        "type": "if",
        "locations": [
          {
            "start": {
              "line": 1,
              "column": 0
            },
            "end": {
              "line": 1,
              "column": null
            }
          }
        ]
      },
      "2": {
        "loc": {
          "start": {
            "line": 13,
            "column": 0
          },
          "end": {
            "line": 13,
            "column": null
          }
        },
        "type": "default-arg",
        "locations": [
          {
            "start": {
              "line": 13,
              "column": 0
            },
            "end": {
              "line": 13,
              "column": null
            }
          }
        ]
      }
    },
    "s": {
      "0": 54,
      "1": 6,
      "2": 6,
      "3": 6,
      "4": 0,
      "5": 6,
      "6": 6
    },
    "f": {
      "0": 12,
      "1": 0
    },
    "b": {
      "0": [12, 6],
      "1": [6],
      "2": [0]
    }
  },
  "/Users/panda/Code/active_workspace/workspaces/catalyst-ui/lib/ui/input.tsx": {
    "path": "/Users/panda/Code/active_workspace/workspaces/catalyst-ui/lib/ui/input.tsx",
    "statementMap": {
      "0": {
        "start": {
          "line": 1,
          "column": 0
        },
        "end": {
          "line": 1,
          "column": null
        }
      },
      "1": {
        "start": {
          "line": 8,
          "column": 0
        },
        "end": {
          "line": 22,
          "column": null
        }
      },
      "2": {
        "start": {
          "line": 10,
          "column": 0
        },
        "end": {
          "line": 18,
          "column": null
        }
      },
      "3": {
        "start": {
          "line": 22,
          "column": 0
        },
        "end": {
          "line": 8,
          "column": null
        }
      },
      "4": {
        "start": {
          "line": 23,
          "column": 0
        },
        "end": {
          "line": 23,
          "column": null
        }
      }
    },
    "fnMap": {
      "0": {
        "name": "(anonymous_0)",
        "decl": {
          "start": {
            "line": 1,
            "column": 0
          },
          "end": {
            "line": 1,
            "column": null
          }
        },
        "loc": {
          "start": {
            "line": 1,
            "column": 0
          },
          "end": {
            "line": 1,
            "column": null
          }
        }
      },
      "1": {
        "name": "(anonymous_1)",
        "decl": {
          "start": {
            "line": 9,
            "column": 0
          },
          "end": {
            "line": 9,
            "column": null
          }
        },
        "loc": {
          "start": {
            "line": 9,
            "column": 0
          },
          "end": {
            "line": 21,
            "column": null
          }
        }
      }
    },
    "branchMap": {
      "0": {
        "loc": {
          "start": {
            "line": 1,
            "column": 0
          },
          "end": {
            "line": 1,
            "column": null
          }
        },
        "type": "binary-expr",
        "locations": [
          {
            "start": {
              "line": 1,
              "column": 0
            },
            "end": {
              "line": 1,
              "column": null
            }
          },
          {
            "start": {
              "line": 1,
              "column": 0
            },
            "end": {
              "line": 1,
              "column": null
            }
          }
        ]
      },
      "1": {
        "loc": {
          "start": {
            "line": 1,
            "column": 0
          },
          "end": {
            "line": 1,
            "column": null
          }
        },
        "type": "if",
        "locations": [
          {
            "start": {
              "line": 1,
              "column": 0
            },
            "end": {
              "line": 1,
              "column": null
            }
          }
        ]
      }
    },
    "s": {
      "0": 54,
      "1": 6,
      "2": 3,
      "3": 6,
      "4": 6
    },
    "f": {
      "0": 12,
      "1": 3
    },
    "b": {
      "0": [12, 6],
      "1": [6]
    }
  },
  "/Users/panda/Code/active_workspace/workspaces/catalyst-ui/lib/ui/label.tsx": {
    "path": "/Users/panda/Code/active_workspace/workspaces/catalyst-ui/lib/ui/label.tsx",
    "statementMap": {
      "0": {
        "start": {
          "line": 1,
          "column": 0
        },
        "end": {
          "line": 1,
          "column": null
        }
      },
      "1": {
        "start": {
          "line": 7,
          "column": 0
        },
        "end": {
          "line": 9,
          "column": null
        }
      },
      "2": {
        "start": {
          "line": 11,
          "column": 0
        },
        "end": {
          "line": 21,
          "column": null
        }
      },
      "3": {
        "start": {
          "line": 16,
          "column": 0
        },
        "end": {
          "line": 19,
          "column": null
        }
      },
      "4": {
        "start": {
          "line": 21,
          "column": 0
        },
        "end": {
          "line": 11,
          "column": null
        }
      },
      "5": {
        "start": {
          "line": 22,
          "column": 0
        },
        "end": {
          "line": 22,
          "column": null
        }
      }
    },
    "fnMap": {
      "0": {
        "name": "(anonymous_0)",
        "decl": {
          "start": {
            "line": 1,
            "column": 0
          },
          "end": {
            "line": 1,
            "column": null
          }
        },
        "loc": {
          "start": {
            "line": 1,
            "column": 0
          },
          "end": {
            "line": 1,
            "column": null
          }
        }
      },
      "1": {
        "name": "(anonymous_1)",
        "decl": {
          "start": {
            "line": 15,
            "column": 0
          },
          "end": {
            "line": 15,
            "column": null
          }
        },
        "loc": {
          "start": {
            "line": 16,
            "column": 0
          },
          "end": {
            "line": 19,
            "column": null
          }
        }
      }
    },
    "branchMap": {
      "0": {
        "loc": {
          "start": {
            "line": 1,
            "column": 0
          },
          "end": {
            "line": 1,
            "column": null
          }
        },
        "type": "binary-expr",
        "locations": [
          {
            "start": {
              "line": 1,
              "column": 0
            },
            "end": {
              "line": 1,
              "column": null
            }
          },
          {
            "start": {
              "line": 1,
              "column": 0
            },
            "end": {
              "line": 1,
              "column": null
            }
          }
        ]
      },
      "1": {
        "loc": {
          "start": {
            "line": 1,
            "column": 0
          },
          "end": {
            "line": 1,
            "column": null
          }
        },
        "type": "if",
        "locations": [
          {
            "start": {
              "line": 1,
              "column": 0
            },
            "end": {
              "line": 1,
              "column": null
            }
          }
        ]
      }
    },
    "s": {
      "0": 54,
      "1": 6,
      "2": 6,
      "3": 3,
      "4": 6,
      "5": 6
    },
    "f": {
      "0": 12,
      "1": 3
    },
    "b": {
      "0": [12, 6],
      "1": [6]
    }
  },
  "/Users/panda/Code/active_workspace/workspaces/catalyst-ui/lib/ui/menubar.tsx": {
    "path": "/Users/panda/Code/active_workspace/workspaces/catalyst-ui/lib/ui/menubar.tsx",
    "statementMap": {
      "0": {
        "start": {
          "line": 1,
          "column": 0
        },
        "end": {
          "line": 1,
          "column": null
        }
      },
      "1": {
        "start": {
          "line": 7,
          "column": 0
        },
        "end": {
          "line": 7,
          "column": null
        }
      },
      "2": {
        "start": {
          "line": 9,
          "column": 0
        },
        "end": {
          "line": 9,
          "column": null
        }
      },
      "3": {
        "start": {
          "line": 11,
          "column": 0
        },
        "end": {
          "line": 11,
          "column": null
        }
      },
      "4": {
        "start": {
          "line": 13,
          "column": 0
        },
        "end": {
          "line": 13,
          "column": null
        }
      },
      "5": {
        "start": {
          "line": 15,
          "column": 0
        },
        "end": {
          "line": 15,
          "column": null
        }
      },
      "6": {
        "start": {
          "line": 17,
          "column": 0
        },
        "end": {
          "line": 29,
          "column": null
        }
      },
      "7": {
        "start": {
          "line": 21,
          "column": 0
        },
        "end": {
          "line": 27,
          "column": null
        }
      },
      "8": {
        "start": {
          "line": 29,
          "column": 0
        },
        "end": {
          "line": 17,
          "column": null
        }
      },
      "9": {
        "start": {
          "line": 30,
          "column": 0
        },
        "end": {
          "line": 30,
          "column": null
        }
      },
      "10": {
        "start": {
          "line": 32,
          "column": 0
        },
        "end": {
          "line": 44,
          "column": null
        }
      },
      "11": {
        "start": {
          "line": 36,
          "column": 0
        },
        "end": {
          "line": 42,
          "column": null
        }
      },
      "12": {
        "start": {
          "line": 44,
          "column": 0
        },
        "end": {
          "line": 32,
          "column": null
        }
      },
      "13": {
        "start": {
          "line": 45,
          "column": 0
        },
        "end": {
          "line": 45,
          "column": null
        }
      },
      "14": {
        "start": {
          "line": 47,
          "column": 0
        },
        "end": {
          "line": 65,
          "column": null
        }
      },
      "15": {
        "start": {
          "line": 53,
          "column": 0
        },
        "end": {
          "line": 64,
          "column": null
        }
      },
      "16": {
        "start": {
          "line": 65,
          "column": 0
        },
        "end": {
          "line": 47,
          "column": null
        }
      },
      "17": {
        "start": {
          "line": 66,
          "column": 0
        },
        "end": {
          "line": 66,
          "column": null
        }
      },
      "18": {
        "start": {
          "line": 68,
          "column": 0
        },
        "end": {
          "line": 80,
          "column": null
        }
      },
      "19": {
        "start": {
          "line": 72,
          "column": 0
        },
        "end": {
          "line": 78,
          "column": null
        }
      },
      "20": {
        "start": {
          "line": 80,
          "column": 0
        },
        "end": {
          "line": 68,
          "column": null
        }
      },
      "21": {
        "start": {
          "line": 81,
          "column": 0
        },
        "end": {
          "line": 81,
          "column": null
        }
      },
      "22": {
        "start": {
          "line": 83,
          "column": 0
        },
        "end": {
          "line": 105,
          "column": null
        }
      },
      "23": {
        "start": {
          "line": 91,
          "column": 0
        },
        "end": {
          "line": 103,
          "column": null
        }
      },
      "24": {
        "start": {
          "line": 105,
          "column": 0
        },
        "end": {
          "line": 83,
          "column": null
        }
      },
      "25": {
        "start": {
          "line": 106,
          "column": 0
        },
        "end": {
          "line": 106,
          "column": null
        }
      },
      "26": {
        "start": {
          "line": 108,
          "column": 0
        },
        "end": {
          "line": 123,
          "column": null
        }
      },
      "27": {
        "start": {
          "line": 114,
          "column": 0
        },
        "end": {
          "line": 121,
          "column": null
        }
      },
      "28": {
        "start": {
          "line": 123,
          "column": 0
        },
        "end": {
          "line": 108,
          "column": null
        }
      },
      "29": {
        "start": {
          "line": 124,
          "column": 0
        },
        "end": {
          "line": 124,
          "column": null
        }
      },
      "30": {
        "start": {
          "line": 126,
          "column": 0
        },
        "end": {
          "line": 146,
          "column": null
        }
      },
      "31": {
        "start": {
          "line": 130,
          "column": 0
        },
        "end": {
          "line": 145,
          "column": null
        }
      },
      "32": {
        "start": {
          "line": 146,
          "column": 0
        },
        "end": {
          "line": 126,
          "column": null
        }
      },
      "33": {
        "start": {
          "line": 147,
          "column": 0
        },
        "end": {
          "line": 147,
          "column": null
        }
      },
      "34": {
        "start": {
          "line": 149,
          "column": 0
        },
        "end": {
          "line": 168,
          "column": null
        }
      },
      "35": {
        "start": {
          "line": 153,
          "column": 0
        },
        "end": {
          "line": 167,
          "column": null
        }
      },
      "36": {
        "start": {
          "line": 168,
          "column": 0
        },
        "end": {
          "line": 149,
          "column": null
        }
      },
      "37": {
        "start": {
          "line": 169,
          "column": 0
        },
        "end": {
          "line": 169,
          "column": null
        }
      },
      "38": {
        "start": {
          "line": 171,
          "column": 0
        },
        "end": {
          "line": 186,
          "column": null
        }
      },
      "39": {
        "start": {
          "line": 177,
          "column": 0
        },
        "end": {
          "line": 184,
          "column": null
        }
      },
      "40": {
        "start": {
          "line": 186,
          "column": 0
        },
        "end": {
          "line": 171,
          "column": null
        }
      },
      "41": {
        "start": {
          "line": 187,
          "column": 0
        },
        "end": {
          "line": 187,
          "column": null
        }
      },
      "42": {
        "start": {
          "line": 189,
          "column": 0
        },
        "end": {
          "line": 198,
          "column": null
        }
      },
      "43": {
        "start": {
          "line": 193,
          "column": 0
        },
        "end": {
          "line": 196,
          "column": null
        }
      },
      "44": {
        "start": {
          "line": 198,
          "column": 0
        },
        "end": {
          "line": 189,
          "column": null
        }
      },
      "45": {
        "start": {
          "line": 199,
          "column": 0
        },
        "end": {
          "line": 199,
          "column": null
        }
      },
      "46": {
        "start": {
          "line": 201,
          "column": 0
        },
        "end": {
          "line": 214,
          "column": null
        }
      },
      "47": {
        "start": {
          "line": 205,
          "column": 0
        },
        "end": {
          "line": 211,
          "column": null
        }
      },
      "48": {
        "start": {
          "line": 214,
          "column": 0
        },
        "end": {
          "line": 201,
          "column": null
        }
      },
      "49": {
        "start": {
          "line": 215,
          "column": 0
        },
        "end": {
          "line": 215,
          "column": null
        }
      }
    },
    "fnMap": {
      "0": {
        "name": "(anonymous_0)",
        "decl": {
          "start": {
            "line": 1,
            "column": 0
          },
          "end": {
            "line": 1,
            "column": null
          }
        },
        "loc": {
          "start": {
            "line": 1,
            "column": 0
          },
          "end": {
            "line": 1,
            "column": null
          }
        }
      },
      "1": {
        "name": "(anonymous_1)",
        "decl": {
          "start": {
            "line": 20,
            "column": 0
          },
          "end": {
            "line": 20,
            "column": null
          }
        },
        "loc": {
          "start": {
            "line": 21,
            "column": 0
          },
          "end": {
            "line": 27,
            "column": null
          }
        }
      },
      "2": {
        "name": "(anonymous_2)",
        "decl": {
          "start": {
            "line": 35,
            "column": 0
          },
          "end": {
            "line": 35,
            "column": null
          }
        },
        "loc": {
          "start": {
            "line": 36,
            "column": 0
          },
          "end": {
            "line": 42,
            "column": null
          }
        }
      },
      "3": {
        "name": "(anonymous_3)",
        "decl": {
          "start": {
            "line": 52,
            "column": 0
          },
          "end": {
            "line": 52,
            "column": null
          }
        },
        "loc": {
          "start": {
            "line": 53,
            "column": 0
          },
          "end": {
            "line": 64,
            "column": null
          }
        }
      },
      "4": {
        "name": "(anonymous_4)",
        "decl": {
          "start": {
            "line": 71,
            "column": 0
          },
          "end": {
            "line": 71,
            "column": null
          }
        },
        "loc": {
          "start": {
            "line": 72,
            "column": 0
          },
          "end": {
            "line": 78,
            "column": null
          }
        }
      },
      "5": {
        "name": "(anonymous_5)",
        "decl": {
          "start": {
            "line": 87,
            "column": 0
          },
          "end": {
            "line": 87,
            "column": null
          }
        },
        "loc": {
          "start": {
            "line": 91,
            "column": 0
          },
          "end": {
            "line": 103,
            "column": null
          }
        }
      },
      "6": {
        "name": "(anonymous_6)",
        "decl": {
          "start": {
            "line": 113,
            "column": 0
          },
          "end": {
            "line": 113,
            "column": null
          }
        },
        "loc": {
          "start": {
            "line": 114,
            "column": 0
          },
          "end": {
            "line": 121,
            "column": null
          }
        }
      },
      "7": {
        "name": "(anonymous_7)",
        "decl": {
          "start": {
            "line": 129,
            "column": 0
          },
          "end": {
            "line": 129,
            "column": null
          }
        },
        "loc": {
          "start": {
            "line": 130,
            "column": 0
          },
          "end": {
            "line": 145,
            "column": null
          }
        }
      },
      "8": {
        "name": "(anonymous_8)",
        "decl": {
          "start": {
            "line": 152,
            "column": 0
          },
          "end": {
            "line": 152,
            "column": null
          }
        },
        "loc": {
          "start": {
            "line": 153,
            "column": 0
          },
          "end": {
            "line": 167,
            "column": null
          }
        }
      },
      "9": {
        "name": "(anonymous_9)",
        "decl": {
          "start": {
            "line": 176,
            "column": 0
          },
          "end": {
            "line": 176,
            "column": null
          }
        },
        "loc": {
          "start": {
            "line": 177,
            "column": 0
          },
          "end": {
            "line": 184,
            "column": null
          }
        }
      },
      "10": {
        "name": "(anonymous_10)",
        "decl": {
          "start": {
            "line": 192,
            "column": 0
          },
          "end": {
            "line": 192,
            "column": null
          }
        },
        "loc": {
          "start": {
            "line": 193,
            "column": 0
          },
          "end": {
            "line": 196,
            "column": null
          }
        }
      },
      "11": {
        "name": "(anonymous_11)",
        "decl": {
          "start": {
            "line": 201,
            "column": 0
          },
          "end": {
            "line": 201,
            "column": null
          }
        },
        "loc": {
          "start": {
            "line": 204,
            "column": 0
          },
          "end": {
            "line": 214,
            "column": null
          }
        }
      }
    },
    "branchMap": {
      "0": {
        "loc": {
          "start": {
            "line": 1,
            "column": 0
          },
          "end": {
            "line": 1,
            "column": null
          }
        },
        "type": "binary-expr",
        "locations": [
          {
            "start": {
              "line": 1,
              "column": 0
            },
            "end": {
              "line": 1,
              "column": null
            }
          },
          {
            "start": {
              "line": 1,
              "column": 0
            },
            "end": {
              "line": 1,
              "column": null
            }
          }
        ]
      },
      "1": {
        "loc": {
          "start": {
            "line": 1,
            "column": 0
          },
          "end": {
            "line": 1,
            "column": null
          }
        },
        "type": "if",
        "locations": [
          {
            "start": {
              "line": 1,
              "column": 0
            },
            "end": {
              "line": 1,
              "column": null
            }
          }
        ]
      },
      "2": {
        "loc": {
          "start": {
            "line": 57,
            "column": 0
          },
          "end": {
            "line": 57,
            "column": null
          }
        },
        "type": "binary-expr",
        "locations": [
          {
            "start": {
              "line": 57,
              "column": 0
            },
            "end": {
              "line": 57,
              "column": null
            }
          },
          {
            "start": {
              "line": 57,
              "column": 0
            },
            "end": {
              "line": 57,
              "column": null
            }
          }
        ]
      },
      "3": {
        "loc": {
          "start": {
            "line": 88,
            "column": 0
          },
          "end": {
            "line": 88,
            "column": null
          }
        },
        "type": "default-arg",
        "locations": [
          {
            "start": {
              "line": 88,
              "column": 0
            },
            "end": {
              "line": 88,
              "column": null
            }
          }
        ]
      },
      "4": {
        "loc": {
          "start": {
            "line": 118,
            "column": 0
          },
          "end": {
            "line": 118,
            "column": null
          }
        },
        "type": "binary-expr",
        "locations": [
          {
            "start": {
              "line": 118,
              "column": 0
            },
            "end": {
              "line": 118,
              "column": null
            }
          },
          {
            "start": {
              "line": 118,
              "column": 0
            },
            "end": {
              "line": 118,
              "column": null
            }
          }
        ]
      },
      "5": {
        "loc": {
          "start": {
            "line": 181,
            "column": 0
          },
          "end": {
            "line": 181,
            "column": null
          }
        },
        "type": "binary-expr",
        "locations": [
          {
            "start": {
              "line": 181,
              "column": 0
            },
            "end": {
              "line": 181,
              "column": null
            }
          },
          {
            "start": {
              "line": 181,
              "column": 0
            },
            "end": {
              "line": 181,
              "column": null
            }
          }
        ]
      }
    },
    "s": {
      "0": 168,
      "1": 6,
      "2": 6,
      "3": 6,
      "4": 6,
      "5": 6,
      "6": 6,
      "7": 0,
      "8": 6,
      "9": 6,
      "10": 6,
      "11": 0,
      "12": 6,
      "13": 6,
      "14": 6,
      "15": 0,
      "16": 6,
      "17": 6,
      "18": 6,
      "19": 0,
      "20": 6,
      "21": 6,
      "22": 6,
      "23": 0,
      "24": 6,
      "25": 6,
      "26": 6,
      "27": 0,
      "28": 6,
      "29": 6,
      "30": 6,
      "31": 0,
      "32": 6,
      "33": 6,
      "34": 6,
      "35": 0,
      "36": 6,
      "37": 6,
      "38": 6,
      "39": 0,
      "40": 6,
      "41": 6,
      "42": 6,
      "43": 0,
      "44": 6,
      "45": 6,
      "46": 6,
      "47": 0,
      "48": 6,
      "49": 6
    },
    "f": {
      "0": 126,
      "1": 0,
      "2": 0,
      "3": 0,
      "4": 0,
      "5": 0,
      "6": 0,
      "7": 0,
      "8": 0,
      "9": 0,
      "10": 0,
      "11": 0
    },
    "b": {
      "0": [12, 6],
      "1": [6],
      "2": [0, 0],
      "3": [0],
      "4": [0, 0],
      "5": [0, 0]
    }
  },
  "/Users/panda/Code/active_workspace/workspaces/catalyst-ui/lib/ui/progress.tsx": {
    "path": "/Users/panda/Code/active_workspace/workspaces/catalyst-ui/lib/ui/progress.tsx",
    "statementMap": {
      "0": {
        "start": {
          "line": 1,
          "column": 0
        },
        "end": {
          "line": 1,
          "column": null
        }
      },
      "1": {
        "start": {
          "line": 7,
          "column": 0
        },
        "end": {
          "line": 21,
          "column": null
        }
      },
      "2": {
        "start": {
          "line": 23,
          "column": 0
        },
        "end": {
          "line": 38,
          "column": null
        }
      },
      "3": {
        "start": {
          "line": 28,
          "column": 0
        },
        "end": {
          "line": 37,
          "column": null
        }
      },
      "4": {
        "start": {
          "line": 38,
          "column": 0
        },
        "end": {
          "line": 23,
          "column": null
        }
      },
      "5": {
        "start": {
          "line": 39,
          "column": 0
        },
        "end": {
          "line": 39,
          "column": null
        }
      }
    },
    "fnMap": {
      "0": {
        "name": "(anonymous_0)",
        "decl": {
          "start": {
            "line": 1,
            "column": 0
          },
          "end": {
            "line": 1,
            "column": null
          }
        },
        "loc": {
          "start": {
            "line": 1,
            "column": 0
          },
          "end": {
            "line": 1,
            "column": null
          }
        }
      },
      "1": {
        "name": "(anonymous_1)",
        "decl": {
          "start": {
            "line": 27,
            "column": 0
          },
          "end": {
            "line": 27,
            "column": null
          }
        },
        "loc": {
          "start": {
            "line": 28,
            "column": 0
          },
          "end": {
            "line": 37,
            "column": null
          }
        }
      }
    },
    "branchMap": {
      "0": {
        "loc": {
          "start": {
            "line": 1,
            "column": 0
          },
          "end": {
            "line": 1,
            "column": null
          }
        },
        "type": "binary-expr",
        "locations": [
          {
            "start": {
              "line": 1,
              "column": 0
            },
            "end": {
              "line": 1,
              "column": null
            }
          },
          {
            "start": {
              "line": 1,
              "column": 0
            },
            "end": {
              "line": 1,
              "column": null
            }
          }
        ]
      },
      "1": {
        "loc": {
          "start": {
            "line": 1,
            "column": 0
          },
          "end": {
            "line": 1,
            "column": null
          }
        },
        "type": "if",
        "locations": [
          {
            "start": {
              "line": 1,
              "column": 0
            },
            "end": {
              "line": 1,
              "column": null
            }
          }
        ]
      },
      "2": {
        "loc": {
          "start": {
            "line": 35,
            "column": 0
          },
          "end": {
            "line": 35,
            "column": null
          }
        },
        "type": "binary-expr",
        "locations": [
          {
            "start": {
              "line": 35,
              "column": 0
            },
            "end": {
              "line": 35,
              "column": null
            }
          },
          {
            "start": {
              "line": 35,
              "column": 0
            },
            "end": {
              "line": 35,
              "column": null
            }
          }
        ]
      }
    },
    "s": {
      "0": 54,
      "1": 6,
      "2": 6,
      "3": 0,
      "4": 6,
      "5": 6
    },
    "f": {
      "0": 12,
      "1": 0
    },
    "b": {
      "0": [12, 6],
      "1": [6],
      "2": [0, 0]
    }
  },
  "/Users/panda/Code/active_workspace/workspaces/catalyst-ui/lib/ui/scroll-area.tsx": {
    "path": "/Users/panda/Code/active_workspace/workspaces/catalyst-ui/lib/ui/scroll-area.tsx",
    "statementMap": {
      "0": {
        "start": {
          "line": 1,
          "column": 0
        },
        "end": {
          "line": 1,
          "column": null
        }
      },
      "1": {
        "start": {
          "line": 5,
          "column": 0
        },
        "end": {
          "line": 20,
          "column": null
        }
      },
      "2": {
        "start": {
          "line": 9,
          "column": 0
        },
        "end": {
          "line": 19,
          "column": null
        }
      },
      "3": {
        "start": {
          "line": 20,
          "column": 0
        },
        "end": {
          "line": 5,
          "column": null
        }
      },
      "4": {
        "start": {
          "line": 21,
          "column": 0
        },
        "end": {
          "line": 21,
          "column": null
        }
      },
      "5": {
        "start": {
          "line": 23,
          "column": 0
        },
        "end": {
          "line": 42,
          "column": null
        }
      },
      "6": {
        "start": {
          "line": 27,
          "column": 0
        },
        "end": {
          "line": 41,
          "column": null
        }
      },
      "7": {
        "start": {
          "line": 42,
          "column": 0
        },
        "end": {
          "line": 23,
          "column": null
        }
      },
      "8": {
        "start": {
          "line": 43,
          "column": 0
        },
        "end": {
          "line": 43,
          "column": null
        }
      }
    },
    "fnMap": {
      "0": {
        "name": "(anonymous_0)",
        "decl": {
          "start": {
            "line": 1,
            "column": 0
          },
          "end": {
            "line": 1,
            "column": null
          }
        },
        "loc": {
          "start": {
            "line": 1,
            "column": 0
          },
          "end": {
            "line": 1,
            "column": null
          }
        }
      },
      "1": {
        "name": "(anonymous_1)",
        "decl": {
          "start": {
            "line": 8,
            "column": 0
          },
          "end": {
            "line": 8,
            "column": null
          }
        },
        "loc": {
          "start": {
            "line": 9,
            "column": 0
          },
          "end": {
            "line": 19,
            "column": null
          }
        }
      },
      "2": {
        "name": "(anonymous_2)",
        "decl": {
          "start": {
            "line": 26,
            "column": 0
          },
          "end": {
            "line": 26,
            "column": null
          }
        },
        "loc": {
          "start": {
            "line": 27,
            "column": 0
          },
          "end": {
            "line": 41,
            "column": null
          }
        }
      }
    },
    "branchMap": {
      "0": {
        "loc": {
          "start": {
            "line": 1,
            "column": 0
          },
          "end": {
            "line": 1,
            "column": null
          }
        },
        "type": "binary-expr",
        "locations": [
          {
            "start": {
              "line": 1,
              "column": 0
            },
            "end": {
              "line": 1,
              "column": null
            }
          },
          {
            "start": {
              "line": 1,
              "column": 0
            },
            "end": {
              "line": 1,
              "column": null
            }
          }
        ]
      },
      "1": {
        "loc": {
          "start": {
            "line": 1,
            "column": 0
          },
          "end": {
            "line": 1,
            "column": null
          }
        },
        "type": "if",
        "locations": [
          {
            "start": {
              "line": 1,
              "column": 0
            },
            "end": {
              "line": 1,
              "column": null
            }
          }
        ]
      },
      "2": {
        "loc": {
          "start": {
            "line": 26,
            "column": 0
          },
          "end": {
            "line": 26,
            "column": null
          }
        },
        "type": "default-arg",
        "locations": [
          {
            "start": {
              "line": 26,
              "column": 0
            },
            "end": {
              "line": 26,
              "column": null
            }
          }
        ]
      },
      "3": {
        "loc": {
          "start": {
            "line": 32,
            "column": 0
          },
          "end": {
            "line": 33,
            "column": null
          }
        },
        "type": "binary-expr",
        "locations": [
          {
            "start": {
              "line": 32,
              "column": 0
            },
            "end": {
              "line": 32,
              "column": null
            }
          },
          {
            "start": {
              "line": 33,
              "column": 0
            },
            "end": {
              "line": 33,
              "column": null
            }
          }
        ]
      },
      "4": {
        "loc": {
          "start": {
            "line": 34,
            "column": 0
          },
          "end": {
            "line": 35,
            "column": null
          }
        },
        "type": "binary-expr",
        "locations": [
          {
            "start": {
              "line": 34,
              "column": 0
            },
            "end": {
              "line": 34,
              "column": null
            }
          },
          {
            "start": {
              "line": 35,
              "column": 0
            },
            "end": {
              "line": 35,
              "column": null
            }
          }
        ]
      }
    },
    "s": {
      "0": 66,
      "1": 6,
      "2": 0,
      "3": 6,
      "4": 6,
      "5": 6,
      "6": 0,
      "7": 6,
      "8": 6
    },
    "f": {
      "0": 24,
      "1": 0,
      "2": 0
    },
    "b": {
      "0": [12, 6],
      "1": [6],
      "2": [0],
      "3": [0, 0],
      "4": [0, 0]
    }
  },
  "/Users/panda/Code/active_workspace/workspaces/catalyst-ui/lib/ui/select.tsx": {
    "path": "/Users/panda/Code/active_workspace/workspaces/catalyst-ui/lib/ui/select.tsx",
    "statementMap": {
      "0": {
        "start": {
          "line": 1,
          "column": 0
        },
        "end": {
          "line": 1,
          "column": null
        }
      },
      "1": {
        "start": {
          "line": 9,
          "column": 0
        },
        "end": {
          "line": 9,
          "column": null
        }
      },
      "2": {
        "start": {
          "line": 11,
          "column": 0
        },
        "end": {
          "line": 11,
          "column": null
        }
      },
      "3": {
        "start": {
          "line": 13,
[...]
      "21": {
        "start": {
          "line": 50,
          "column": 2
        },
        "end": {
          "line": 52,
          "column": null
        }
      },
      "22": {
        "start": {
          "line": 51,
          "column": 4
        },
        "end": {
          "line": 51,
          "column": null
        }
      },
      "23": {
        "start": {
          "line": 54,
          "column": 2
        },
        "end": {
          "line": 54,
          "column": null
        }
      }
    },
    "fnMap": {
      "0": {
        "name": "(anonymous_0)",
        "decl": {
          "start": {
            "line": 5,
            "column": 35
          },
          "end": {
            "line": 5,
            "column": 39
          }
        },
        "loc": {
          "start": {
            "line": 5,
            "column": 75
          },
          "end": {
            "line": 13,
            "column": null
          }
        }
      },
      "1": {
        "name": "(anonymous_1)",
        "decl": {
          "start": {
            "line": 15,
            "column": 33
          },
          "end": {
            "line": 15,
            "column": 37
          }
        },
        "loc": {
          "start": {
            "line": 15,
            "column": 69
          },
          "end": {
            "line": 22,
            "column": null
          }
        }
      },
      "2": {
        "name": "(anonymous_2)",
        "decl": {
          "start": {
            "line": 31,
            "column": 36
          },
          "end": {
            "line": 31,
            "column": null
          }
        },
        "loc": {
          "start": {
            "line": 34,
            "column": 39
          },
          "end": {
            "line": 55,
            "column": null
          }
        }
      },
      "3": {
        "name": "(anonymous_3)",
        "decl": {
          "start": {
            "line": 35,
            "column": 40
          },
          "end": {
            "line": 35,
            "column": null
          }
        },
        "loc": {
          "start": {
            "line": 36,
            "column": 4
          },
          "end": {
            "line": 36,
            "column": null
          }
        }
      },
      "4": {
        "name": "(anonymous_4)",
        "decl": {
          "start": {
            "line": 39,
            "column": 12
          },
          "end": {
            "line": 39,
            "column": 18
          }
        },
        "loc": {
          "start": {
            "line": 39,
            "column": 18
          },
          "end": {
            "line": 48,
            "column": 5
          }
        }
      },
      "5": {
        "name": "(anonymous_5)",
        "decl": {
          "start": {
            "line": 41,
            "column": 20
          },
          "end": {
            "line": 41,
            "column": 21
          }
        },
        "loc": {
          "start": {
            "line": 41,
            "column": 45
          },
          "end": {
            "line": 45,
            "column": null
          }
        }
      },
      "6": {
        "name": "(anonymous_6)",
        "decl": {
          "start": {
            "line": 47,
            "column": 11
          },
          "end": {
            "line": 47,
            "column": 17
          }
        },
        "loc": {
          "start": {
            "line": 47,
            "column": 17
          },
          "end": {
            "line": 47,
            "column": null
          }
        }
      },
      "7": {
        "name": "(anonymous_7)",
        "decl": {
          "start": {
            "line": 50,
            "column": 12
          },
          "end": {
            "line": 50,
            "column": 18
          }
        },
        "loc": {
          "start": {
            "line": 50,
            "column": 18
          },
          "end": {
            "line": 52,
            "column": 5
          }
        }
      }
    },
    "branchMap": {
      "0": {
        "loc": {
          "start": {
            "line": 6,
            "column": 2
          },
          "end": {
            "line": 9,
            "column": null
          }
        },
        "type": "if",
        "locations": [
          {
            "start": {
              "line": 6,
              "column": 2
            },
            "end": {
              "line": 9,
              "column": null
            }
          }
        ]
      },
      "1": {
        "loc": {
          "start": {
            "line": 12,
            "column": 9
          },
          "end": {
            "line": 12,
            "column": null
          }
        },
        "type": "cond-expr",
        "locations": [
          {
            "start": {
              "line": 12,
              "column": 23
            },
            "end": {
              "line": 12,
              "column": 54
            }
          },
          {
            "start": {
              "line": 12,
              "column": 54
            },
            "end": {
              "line": 12,
              "column": null
            }
          }
        ]
      },
      "2": {
        "loc": {
          "start": {
            "line": 16,
            "column": 2
          },
          "end": {
            "line": 19,
            "column": null
          }
        },
        "type": "if",
        "locations": [
          {
            "start": {
              "line": 16,
              "column": 2
            },
            "end": {
              "line": 19,
              "column": null
            }
          }
        ]
      },
      "3": {
        "loc": {
          "start": {
            "line": 42,
            "column": 6
          },
          "end": {
            "line": 44,
            "column": null
          }
        },
        "type": "if",
        "locations": [
          {
            "start": {
              "line": 42,
              "column": 6
            },
            "end": {
              "line": 44,
              "column": null
            }
          }
        ]
      }
    },
    "s": {
      "0": 6,
      "1": 0,
      "2": 0,
      "3": 0,
      "4": 0,
      "5": 0,
      "6": 6,
      "7": 0,
      "8": 0,
      "9": 0,
      "10": 0,
      "11": 6,
      "12": 0,
      "13": 0,
      "14": 0,
      "15": 0,
      "16": 0,
      "17": 0,
      "18": 0,
      "19": 0,
      "20": 0,
      "21": 0,
      "22": 0,
      "23": 0
    },
    "f": {
      "0": 0,
      "1": 0,
      "2": 0,
      "3": 0,
      "4": 0,
      "5": 0,
      "6": 0,
      "7": 0
    },
    "b": {
      "0": [0],
      "1": [0, 0],
      "2": [0],
      "3": [0]
    }
  },
  "/Users/panda/Code/active_workspace/workspaces/catalyst-ui/lib/themes/ThemeProvider.tsx": {
    "path": "/Users/panda/Code/active_workspace/workspaces/catalyst-ui/lib/themes/ThemeProvider.tsx",
    "statementMap": {
      "0": {
        "start": {
          "line": 1,
          "column": 0
        },
        "end": {
          "line": 1,
          "column": null
        }
      },
      "1": {
        "start": {
          "line": 5,
          "column": 0
        },
        "end": {
          "line": 22,
          "column": null
        }
      },
      "2": {
        "start": {
          "line": 5,
          "column": 0
        },
        "end": {
          "line": 5,
          "column": null
        }
      },
      "3": {
        "start": {
          "line": 6,
          "column": 0
        },
        "end": {
          "line": 6,
          "column": null
        }
      },
      "4": {
        "start": {
          "line": 7,
          "column": 0
        },
        "end": {
          "line": 7,
          "column": null
        }
      },
      "5": {
        "start": {
          "line": 9,
          "column": 0
        },
        "end": {
          "line": 11,
          "column": null
        }
      },
      "6": {
        "start": {
          "line": 10,
          "column": 0
        },
        "end": {
          "line": 10,
          "column": null
        }
      },
      "7": {
        "start": {
          "line": 13,
          "column": 0
        },
        "end": {
          "line": 15,
          "column": null
        }
      },
      "8": {
        "start": {
          "line": 17,
          "column": 0
        },
        "end": {
          "line": 20,
          "column": null
        }
      },
      "9": {
        "start": {
          "line": 22,
          "column": 0
        },
        "end": {
          "line": 7,
          "column": null
        }
      },
      "10": {
        "start": {
          "line": 5,
          "column": 0
        },
        "end": {
          "line": 7,
          "column": null
        }
      },
      "11": {
        "start": {
          "line": 7,
          "column": 0
        },
        "end": {
          "line": 5,
          "column": null
        }
      },
      "12": {
        "start": {
          "line": 24,
          "column": 0
        },
        "end": {
          "line": 24,
          "column": null
        }
      }
    },
    "fnMap": {
      "0": {
        "name": "(anonymous_0)",
        "decl": {
          "start": {
            "line": 1,
            "column": 0
          },
          "end": {
            "line": 1,
            "column": null
          }
        },
        "loc": {
          "start": {
            "line": 1,
            "column": 0
          },
          "end": {
            "line": 1,
            "column": null
          }
        }
      },
      "1": {
        "name": "(anonymous_1)",
        "decl": {
          "start": {
            "line": 5,
            "column": 0
          },
          "end": {
            "line": 5,
            "column": null
          }
        },
        "loc": {
          "start": {
            "line": 5,
            "column": 0
          },
          "end": {
            "line": 22,
            "column": null
          }
        }
      },
      "2": {
        "name": "(anonymous_2)",
        "decl": {
          "start": {
            "line": 9,
            "column": 0
          },
          "end": {
            "line": 9,
            "column": null
          }
        },
        "loc": {
          "start": {
            "line": 9,
            "column": 0
          },
          "end": {
            "line": 11,
            "column": null
          }
        }
      },
      "3": {
        "name": "(anonymous_3)",
        "decl": {
          "start": {
            "line": 13,
            "column": 0
          },
          "end": {
            "line": 13,
            "column": null
          }
        },
        "loc": {
          "start": {
            "line": 13,
            "column": 0
          },
          "end": {
            "line": 15,
            "column": null
          }
        }
      }
    },
    "branchMap": {
      "0": {
        "loc": {
          "start": {
            "line": 1,
            "column": 0
          },
          "end": {
            "line": 1,
            "column": null
          }
        },
        "type": "binary-expr",
        "locations": [
          {
            "start": {
              "line": 1,
              "column": 0
            },
            "end": {
              "line": 1,
              "column": null
            }
          },
          {
            "start": {
              "line": 1,
              "column": 0
            },
            "end": {
              "line": 1,
              "column": null
            }
          }
        ]
      },
      "1": {
        "loc": {
          "start": {
            "line": 1,
            "column": 0
          },
          "end": {
            "line": 1,
            "column": null
          }
        },
        "type": "if",
        "locations": [
          {
            "start": {
              "line": 1,
              "column": 0
            },
            "end": {
              "line": 1,
              "column": null
            }
          }
        ]
      }
    },
    "s": {
      "0": 54,
      "1": 6,
      "2": 0,
      "3": 0,
      "4": 0,
      "5": 0,
      "6": 0,
      "7": 0,
      "8": 0,
      "9": 6,
      "10": 0,
      "11": 6,
      "12": 12
    },
    "f": {
      "0": 6,
      "1": 0,
      "2": 0,
      "3": 0
    },
    "b": {
      "0": [12, 6],
      "1": [6]
    }
  },
  "/Users/panda/Code/active_workspace/workspaces/catalyst-ui/lib/themes/ToggleDarkMode.tsx": {
    "path": "/Users/panda/Code/active_workspace/workspaces/catalyst-ui/lib/themes/ToggleDarkMode.tsx",
    "statementMap": {
      "0": {
        "start": {
          "line": 1,
          "column": 0
        },
        "end": {
          "line": 1,
          "column": null
        }
      },
      "1": {
        "start": {
          "line": 10,
          "column": 0
        },
        "end": {
          "line": 11,
          "column": null
        }
      },
      "2": {
        "start": {
          "line": 10,
          "column": 0
        },
        "end": {
          "line": 10,
          "column": null
        }
      },
      "3": {
        "start": {
          "line": 11,
          "column": 0
        },
        "end": {
          "line": 11,
          "column": null
        }
      },
      "4": {
        "start": {
          "line": 12,
          "column": 0
        },
        "end": {
          "line": 12,
          "column": null
        }
      },
      "5": {
        "start": {
          "line": 14,
          "column": 0
        },
        "end": {
          "line": 17,
          "column": null
        }
      },
      "6": {
        "start": {
          "line": 15,
          "column": 0
        },
        "end": {
          "line": 15,
          "column": null
        }
      },
      "7": {
        "start": {
          "line": 19,
          "column": 0
        },
        "end": {
          "line": 11,
          "column": null
        }
      },
      "8": {
        "start": {
          "line": 19,
          "column": 0
        },
        "end": {
          "line": 10,
          "column": null
        }
      },
      "9": {
        "start": {
          "line": 21,
          "column": 0
        },
        "end": {
          "line": 21,
          "column": null
        }
      }
    },
    "fnMap": {
      "0": {
        "name": "(anonymous_0)",
        "decl": {
          "start": {
            "line": 1,
            "column": 0
          },
          "end": {
            "line": 1,
            "column": null
          }
        },
        "loc": {
          "start": {
            "line": 1,
            "column": 0
          },
          "end": {
            "line": 1,
            "column": null
          }
        }
      },
      "1": {
        "name": "(anonymous_1)",
        "decl": {
          "start": {
            "line": 10,
            "column": 0
          },
          "end": {
            "line": 10,
            "column": null
          }
        },
        "loc": {
          "start": {
            "line": 10,
            "column": 0
          },
          "end": {
            "line": 19,
            "column": null
          }
        }
      },
      "2": {
        "name": "(anonymous_2)",
        "decl": {
          "start": {
            "line": 15,
            "column": 0
          },
          "end": {
            "line": 15,
            "column": null
          }
        },
        "loc": {
          "start": {
            "line": 15,
            "column": 0
          },
          "end": {
            "line": 15,
            "column": null
          }
        }
      },
      "3": {
        "name": "(anonymous_3)",
        "decl": {
          "start": {
            "line": 19,
            "column": 0
          },
          "end": {
            "line": 19,
            "column": null
          }
        },
        "loc": {
          "start": {
            "line": 19,
            "column": 0
          },
          "end": {
            "line": 11,
            "column": null
          }
        }
      }
    },
    "branchMap": {
      "0": {
        "loc": {
          "start": {
            "line": 1,
            "column": 0
          },
          "end": {
            "line": 1,
            "column": null
          }
        },
        "type": "binary-expr",
        "locations": [
          {
            "start": {
              "line": 1,
              "column": 0
            },
            "end": {
              "line": 1,
              "column": null
            }
          },
          {
            "start": {
              "line": 1,
              "column": 0
            },
            "end": {
              "line": 1,
              "column": null
            }
          }
        ]
      },
      "1": {
        "loc": {
          "start": {
            "line": 1,
            "column": 0
          },
          "end": {
            "line": 1,
            "column": null
          }
        },
        "type": "if",
        "locations": [
          {
            "start": {
              "line": 1,
              "column": 0
            },
            "end": {
              "line": 1,
              "column": null
            }
          }
        ]
      },
      "2": {
        "loc": {
          "start": {
            "line": 10,
            "column": 0
          },
          "end": {
            "line": 10,
            "column": null
          }
        },
        "type": "default-arg",
        "locations": [
          {
            "start": {
              "line": 10,
              "column": 0
            },
            "end": {
              "line": 10,
              "column": null
            }
          }
        ]
      },
      "3": {
        "loc": {
          "start": {
            "line": 12,
            "column": 0
          },
          "end": {
            "line": 12,
            "column": null
          }
        },
        "type": "cond-expr",
        "locations": [
          {
            "start": {
              "line": 12,
              "column": 0
            },
            "end": {
              "line": 12,
              "column": null
            }
          },
          {
            "start": {
              "line": 12,
              "column": 0
            },
            "end": {
              "line": 12,
              "column": null
            }
          }
        ]
      },
      "4": {
        "loc": {
          "start": {
            "line": 15,
            "column": 0
          },
          "end": {
            "line": 15,
            "column": null
          }
        },
        "type": "cond-expr",
        "locations": [
          {
            "start": {
              "line": 15,
              "column": 0
            },
            "end": {
              "line": 15,
              "column": null
            }
          },
          {
            "start": {
              "line": 15,
              "column": 0
            },
            "end": {
              "line": 15,
              "column": null
            }
          }
        ]
      }
    },
    "s": {
      "0": 60,
      "1": 6,
      "2": 0,
      "3": 0,
      "4": 0,
      "5": 0,
      "6": 0,
      "7": 0,
      "8": 6,
      "9": 18
    },
    "f": {
      "0": 12,
      "1": 0,
      "2": 0,
      "3": 0
    },
    "b": {
      "0": [12, 6],
      "1": [6],
      "2": [0],
      "3": [0, 0],
      "4": [0, 0]
    }
  },
  "/Users/panda/Code/active_workspace/workspaces/catalyst-ui/lib/catalyst-tw.ts": {
    "path": "/Users/panda/Code/active_workspace/workspaces/catalyst-ui/lib/catalyst-tw.ts",
    "statementMap": {
      "0": {
        "start": {
          "line": 8,
          "column": 38
        },
        "end": {
          "line": 87,
          "column": null
        }
      }
    },
    "fnMap": {},
    "branchMap": {},
    "s": {
      "0": 6
    },
    "f": {},
    "b": {}
  }
}
